<?xml version="1.0" encoding="UTF-8"?>
<testsuites name="success order product" time="86.742" tests="1" failures="0" errors="0">
   <testsuite name="simple case" tests="1" failures="0" errors="0" time="81.642" skipped="0" timestamp="2023-05-11 16:31:54" hostname="tuan.tran - host.docker.internal" id="Test Suites/simple case">
      <properties>
         <property name="deviceName" value=""/>
         <property name="devicePlatform" value=""/>
         <property name="logFolder" value="C:\\Users\\tuan.tran\\git\\tri-nhan-repo\\Reports\\20230511_163147\\simple case\\20230511_163148"/>
         <property name="logFiles" value="C:\\Users\\tuan.tran\\git\\tri-nhan-repo\\Reports\\20230511_163147\\simple case\\20230511_163148\\execution0.log"/>
         <property name="attachments" value=""/>
         <property name="hostName" value="tuan.tran - host.docker.internal"/>
         <property name="os" value="Windows 10 64bit"/>
         <property name="katalonVersion" value="8.6.0.208"/>
         <property name="browser" value="Chrome 112.0.0.0"/>
         <property name="hostAddress" value="10.10.32.203"/>
         <property name="sessionId" value="c4e9d039ae74d3b43787f12a4438bd2b"/>
         <property name="seleniumVersion" value="3.141.59"/>
         <property name="proxyInformation" value="ProxyInformation { proxyOption=NO_PROXY, proxyServerType=HTTP, username=, password=********, proxyServerAddress=, proxyServerPort=0, executionList=&quot;&quot;, isApplyToDesiredCapabilities=true }"/>
         <property name="platform" value="Windows 10"/>
      </properties>
      <testcase name="Test Cases/test-flow-1-buy-1-product" time="81.438" classname="Test Cases/test-flow-1-buy-1-product" status="PASSED">
         <system-out><![CDATA[2023-05-11 16:31:54 - [TEST_CASE][PASSED] - Test Cases/test-flow-1-buy-1-product: Test Cases/test-flow-1-buy-1-product

2023-05-11 16:31:54 - [TEST_STEP][PASSED] - openBrowser("https://nguyen-tri-nhan.github.io/"): Browser is opened with url: 'https://nguyen-tri-nhan.github.io/'

2023-05-11 16:31:55 - [MESSAGE][INFO] - Starting 'Chrome' driver

2023-05-11 16:31:55 - [MESSAGE][INFO] - Action delay is set to 0 milliseconds

2023-05-11 16:32:00 - [MESSAGE][PASSED] - Browser is opened with url: 'https://nguyen-tri-nhan.github.io/'

2023-05-11 16:32:00 - [TEST_STEP][PASSED] - click(findTestObject("Object Repository/Page_Swag Labs/input_Swag Labs_user-name")): Object: 'Object Repository/Page_Swag Labs/input_Swag Labs_user-name' is clicked on

2023-05-11 16:32:01 - [MESSAGE][PASSED] - Object: 'Object Repository/Page_Swag Labs/input_Swag Labs_user-name' is clicked on

2023-05-11 16:32:01 - [TEST_STEP][PASSED] - setText(findTestObject("Object Repository/Page_Swag Labs/input_Swag Labs_user-name"), "standard_user"): Text 'standard_user' is set on object 'Object Repository/Page_Swag Labs/input_Swag Labs_user-name'

2023-05-11 16:32:02 - [MESSAGE][PASSED] - Text 'standard_user' is set on object 'Object Repository/Page_Swag Labs/input_Swag Labs_user-name'

2023-05-11 16:32:02 - [TEST_STEP][PASSED] - click(findTestObject("Object Repository/Page_Swag Labs/input_Swag Labs_password")): Object: 'Object Repository/Page_Swag Labs/input_Swag Labs_password' is clicked on

2023-05-11 16:32:02 - [MESSAGE][PASSED] - Object: 'Object Repository/Page_Swag Labs/input_Swag Labs_password' is clicked on

2023-05-11 16:32:02 - [TEST_STEP][PASSED] - setText(findTestObject("Object Repository/Page_Swag Labs/input_Swag Labs_password"), "secret_sauce"): Text 'secret_sauce' is set on object 'Object Repository/Page_Swag Labs/input_Swag Labs_password'

2023-05-11 16:32:04 - [MESSAGE][PASSED] - Text 'secret_sauce' is set on object 'Object Repository/Page_Swag Labs/input_Swag Labs_password'

2023-05-11 16:32:04 - [TEST_STEP][PASSED] - click(findTestObject("Object Repository/Page_Swag Labs/input_Swag Labs_login-button")): Object: 'Object Repository/Page_Swag Labs/input_Swag Labs_login-button' is clicked on

2023-05-11 16:32:04 - [MESSAGE][PASSED] - Object: 'Object Repository/Page_Swag Labs/input_Swag Labs_login-button' is clicked on

2023-05-11 16:32:04 - [TEST_STEP][PASSED] - delay(2): Delayed 2 second(s)

2023-05-11 16:32:06 - [MESSAGE][PASSED] - Delayed 2 second(s)

2023-05-11 16:32:06 - [TEST_STEP][PASSED] - click(findTestObject("Object Repository/inventoryPage/Backpack")): Object: 'Object Repository/inventoryPage/Backpack' is clicked on

2023-05-11 16:32:07 - [MESSAGE][PASSED] - Object: 'Object Repository/inventoryPage/Backpack' is clicked on

2023-05-11 16:32:07 - [TEST_STEP][PASSED] - click(findTestObject("Object Repository/inventoryPage/button_Add to cart")): Object: 'Object Repository/inventoryPage/button_Add to cart' is clicked on

2023-05-11 16:32:08 - [MESSAGE][PASSED] - Object: 'Object Repository/inventoryPage/button_Add to cart' is clicked on

2023-05-11 16:32:08 - [TEST_STEP][PASSED] - click(findTestObject("Object Repository/inventoryPage/products_back-image")): Object: 'Object Repository/inventoryPage/products_back-image' is clicked on

2023-05-11 16:32:09 - [MESSAGE][PASSED] - Object: 'Object Repository/inventoryPage/products_back-image' is clicked on

2023-05-11 16:32:09 - [TEST_STEP][PASSED] - delay(2): Delayed 2 second(s)

2023-05-11 16:32:11 - [MESSAGE][PASSED] - Delayed 2 second(s)

2023-05-11 16:32:11 - [TEST_STEP][PASSED] - click(findTestObject("Object Repository/inventoryPage/cart")): Object: 'Object Repository/inventoryPage/cart' is clicked on

2023-05-11 16:32:12 - [MESSAGE][PASSED] - Object: 'Object Repository/inventoryPage/cart' is clicked on

2023-05-11 16:32:12 - [TEST_STEP][PASSED] - click(findTestObject("Object Repository/CheckoutPage/button_Checkout")): Object: 'Object Repository/CheckoutPage/button_Checkout' is clicked on

2023-05-11 16:32:13 - [MESSAGE][PASSED] - Object: 'Object Repository/CheckoutPage/button_Checkout' is clicked on

2023-05-11 16:32:13 - [TEST_STEP][PASSED] - delay(2): Delayed 2 second(s)

2023-05-11 16:32:15 - [MESSAGE][PASSED] - Delayed 2 second(s)

2023-05-11 16:32:15 - [TEST_STEP][PASSED] - setText(findTestObject("Object Repository/checkout-step-one/input_Checkout Your Information_firstName"), "demo"): Text 'demo' is set on object 'Object Repository/checkout-step-one/input_Checkout Your Information_firstName'

2023-05-11 16:32:15 - [MESSAGE][PASSED] - Text 'demo' is set on object 'Object Repository/checkout-step-one/input_Checkout Your Information_firstName'

2023-05-11 16:32:15 - [TEST_STEP][PASSED] - setText(findTestObject("Object Repository/checkout-step-one/input_Checkout Your Information_lastName"), "qa test"): Text 'qa test' is set on object 'Object Repository/checkout-step-one/input_Checkout Your Information_lastName'

2023-05-11 16:32:17 - [MESSAGE][PASSED] - Text 'qa test' is set on object 'Object Repository/checkout-step-one/input_Checkout Your Information_lastName'

2023-05-11 16:32:17 - [TEST_STEP][PASSED] - setText(findTestObject("Object Repository/checkout-step-one/input_Checkout Your Information_postalCode"), "9000"): Text '9000' is set on object 'Object Repository/checkout-step-one/input_Checkout Your Information_postalCode'

2023-05-11 16:32:28 - [MESSAGE][PASSED] - Text '9000' is set on object 'Object Repository/checkout-step-one/input_Checkout Your Information_postalCode'

2023-05-11 16:32:28 - [TEST_STEP][PASSED] - click(findTestObject("Object Repository/checkout-step-one/input_continue")): Object: 'Object Repository/checkout-step-one/input_continue' is clicked on

2023-05-11 16:32:40 - [MESSAGE][PASSED] - Object: 'Object Repository/checkout-step-one/input_continue' is clicked on

2023-05-11 16:32:40 - [TEST_STEP][PASSED] - delay(2): Delayed 2 second(s)

2023-05-11 16:32:42 - [MESSAGE][PASSED] - Delayed 2 second(s)

2023-05-11 16:32:42 - [TEST_STEP][PASSED] - click(findTestObject("Object Repository/finish checkout/button_Finish")): Object: 'Object Repository/finish checkout/button_Finish' is clicked on

2023-05-11 16:32:42 - [MESSAGE][PASSED] - Object: 'Object Repository/finish checkout/button_Finish' is clicked on

2023-05-11 16:32:42 - [TEST_STEP][PASSED] - verifyElementVisible(findTestObject("Object Repository/order-success/h2_Thank you for your order")): Object 'Object Repository/order-success/h2_Thank you for your order' is visible

2023-05-11 16:32:43 - [MESSAGE][PASSED] - Object 'Object Repository/order-success/h2_Thank you for your order' is visible

2023-05-11 16:32:43 - [TEST_STEP][PASSED] - delay(2): Delayed 2 second(s)

2023-05-11 16:32:45 - [MESSAGE][PASSED] - Delayed 2 second(s)

2023-05-11 16:32:45 - [TEST_STEP][PASSED] - click(findTestObject("Object Repository/NavSideBar/sidebar")): Object: 'Object Repository/NavSideBar/sidebar' is clicked on

2023-05-11 16:32:45 - [MESSAGE][PASSED] - Object: 'Object Repository/NavSideBar/sidebar' is clicked on

2023-05-11 16:32:45 - [TEST_STEP][PASSED] - click(findTestObject("Object Repository/NavSideBar/a_Logout")): Object: 'Object Repository/NavSideBar/a_Logout' is clicked on

2023-05-11 16:32:47 - [MESSAGE][PASSED] - Object: 'Object Repository/NavSideBar/a_Logout' is clicked on

2023-05-11 16:32:47 - [TEST_STEP][PASSED] - delay(2): Delayed 2 second(s)

2023-05-11 16:32:49 - [MESSAGE][PASSED] - Delayed 2 second(s)

2023-05-11 16:32:49 - [TEST_STEP][PASSED] - verifyElementVisible(findTestObject("Object Repository/Page_Swag Labs/input_Swag Labs_user-name")): Object 'Object Repository/Page_Swag Labs/input_Swag Labs_user-name' is visible

2023-05-11 16:32:49 - [MESSAGE][PASSED] - Object 'Object Repository/Page_Swag Labs/input_Swag Labs_user-name' is visible

2023-05-11 16:32:49 - [TEST_STEP][PASSED] - delay(20): Delayed 20 second(s)

2023-05-11 16:33:09 - [MESSAGE][PASSED] - Delayed 20 second(s)

2023-05-11 16:33:09 - [TEST_STEP][PASSED] - click(findTestObject("Object Repository/Page_Swag Labs/input_Swag Labs_user-name")): Object: 'Object Repository/Page_Swag Labs/input_Swag Labs_user-name' is clicked on

2023-05-11 16:33:10 - [MESSAGE][PASSED] - Object: 'Object Repository/Page_Swag Labs/input_Swag Labs_user-name' is clicked on

2023-05-11 16:33:10 - [TEST_STEP][PASSED] - delay(5): Delayed 5 second(s)

2023-05-11 16:33:15 - [MESSAGE][PASSED] - Delayed 5 second(s)

2023-05-11 16:33:15 - [TEST_STEP][PASSED] - closeBrowser(): Browser is closed

2023-05-11 16:33:16 - [MESSAGE][PASSED] - Browser is closed]]></system-out>
         <system-err><![CDATA[]]></system-err>
      </testcase>
      <system-out><![CDATA[2023-05-11 16:31:54 - [TEST_SUITE][PASSED] - simple case: Test Cases/test-flow-1-buy-1-product]]></system-out>
      <system-err><![CDATA[]]></system-err>
   </testsuite>
</testsuites>
